<?xml version="1.0" encoding="UTF-8"?>
<testsuite xmlns:xsi="http://www.w3.org/2001/XMLSchema-instance" xsi:noNamespaceSchemaLocation="https://maven.apache.org/surefire/maven-surefire-plugin/xsd/surefire-test-report.xsd" name="samples.StackSuite" time="0.36" tests="2" errors="0" skipped="0" failures="0">
  <properties>
[...]
</properties>
  <testcase name="stackShouldPopValuesIinLastInFirstOutOrder" classname="samples.StackSuite" time="0.266"/>
  <testcase name="stackShouldThrowRuntimeExceptionIfAnEmptyArrayStackIsPopped" classname="samples.StackSuite" time="0"/>
</testsuite>